<?xml version="1.0" encoding="UTF-8"?>
<testng-results skipped="0" failed="0" ignored="0" total="3" passed="3">
  <reporter-output>
  </reporter-output>
  <suite name="Suite" duration-ms="32365" started-at="2022-12-02T00:29:58 IST" finished-at="2022-12-02T00:30:31 IST">
    <groups>
    </groups>
    <test name="Test" duration-ms="32365" started-at="2022-12-02T00:29:58 IST" finished-at="2022-12-02T00:30:31 IST">
      <class name="com.sdet.LogIN_Test">
        <test-method status="PASS" signature="logIntest()[pri:0, instance:com.sdet.LogIN_Test@46daef40]" name="logIntest" duration-ms="32313" started-at="2022-12-02T00:29:58 IST" finished-at="2022-12-02T00:30:31 IST">
          <reporter-output>
          </reporter-output>
        </test-method> <!-- logIntest -->
      </class> <!-- com.sdet.LogIN_Test -->
      <class name="com.sdet.App_Test">
        <test-method status="PASS" signature="test2()[pri:0, instance:com.sdet.App_Test@3aeaafa6]" name="test2" duration-ms="4" started-at="2022-12-02T00:30:31 IST" finished-at="2022-12-02T00:30:31 IST">
          <reporter-output>
          </reporter-output>
        </test-method> <!-- test2 -->
        <test-method status="PASS" signature="testlogin01()[pri:0, instance:com.sdet.App_Test@3aeaafa6]" name="testlogin01" duration-ms="1" started-at="2022-12-02T00:30:31 IST" finished-at="2022-12-02T00:30:31 IST">
          <reporter-output>
          </reporter-output>
        </test-method> <!-- testlogin01 -->
      </class> <!-- com.sdet.App_Test -->
    </test> <!-- Test -->
  </suite> <!-- Suite -->
</testng-results>
